\BOOKMARK [0][-]{chapter.1}{\376\377\0001\000\040\000F\000i\000l\000e\000\040\000I\000n\000d\000e\000x}{}% 1
\BOOKMARK [1][-]{section.1.1}{\376\377\0001\000.\0001\000\040\000F\000i\000l\000e\000\040\000L\000i\000s\000t}{chapter.1}% 2
\BOOKMARK [0][-]{chapter.2}{\376\377\0002\000\040\000F\000i\000l\000e\000\040\000D\000o\000c\000u\000m\000e\000n\000t\000a\000t\000i\000o\000n}{}% 3
\BOOKMARK [1][-]{section.2.1}{\376\377\0002\000.\0001\000\040\000a\000d\000c\000\137\000s\000e\000n\000s\000o\000r\000.\000c\000\040\000F\000i\000l\000e\000\040\000R\000e\000f\000e\000r\000e\000n\000c\000e}{chapter.2}% 4
\BOOKMARK [2][-]{subsection.2.1.1}{\376\377\0002\000.\0001\000.\0001\000\040\000F\000u\000n\000c\000t\000i\000o\000n\000\040\000D\000o\000c\000u\000m\000e\000n\000t\000a\000t\000i\000o\000n}{section.2.1}% 5
\BOOKMARK [3][-]{subsubsection.2.1.1.1}{\376\377\0002\000.\0001\000.\0001\000.\0001\000\040\000a\000d\000c\000\137\000c\000l\000e\000a\000n\000u\000p\000\050\000\051}{subsection.2.1.1}% 6
\BOOKMARK [3][-]{subsubsection.2.1.1.2}{\376\377\0002\000.\0001\000.\0001\000.\0002\000\040\000a\000d\000c\000\137\000i\000n\000i\000t\000\050\000\051}{subsection.2.1.1}% 7
\BOOKMARK [3][-]{subsubsection.2.1.1.3}{\376\377\0002\000.\0001\000.\0001\000.\0003\000\040\000a\000d\000c\000\137\000r\000e\000a\000d\000\137\000s\000e\000n\000s\000o\000r\000\050\000\051}{subsection.2.1.1}% 8
\BOOKMARK [3][-]{subsubsection.2.1.1.4}{\376\377\0002\000.\0001\000.\0001\000.\0004\000\040\000a\000d\000c\000T\000o\000P\000e\000r\000c\000e\000n\000t\000a\000g\000e\000\050\000\051}{subsection.2.1.1}% 9
\BOOKMARK [2][-]{subsection.2.1.2}{\376\377\0002\000.\0001\000.\0002\000\040\000V\000a\000r\000i\000a\000b\000l\000e\000\040\000D\000o\000c\000u\000m\000e\000n\000t\000a\000t\000i\000o\000n}{section.2.1}% 10
\BOOKMARK [3][-]{subsubsection.2.1.2.1}{\376\377\0002\000.\0001\000.\0002\000.\0001\000\040\000a\000d\000c\0001\000\137\000c\000a\000l\000i\000\137\000h\000a\000n\000d\000l\000e}{subsection.2.1.2}% 11
\BOOKMARK [3][-]{subsubsection.2.1.2.2}{\376\377\0002\000.\0001\000.\0002\000.\0002\000\040\000a\000d\000c\0001\000\137\000h\000a\000n\000d\000l\000e}{subsection.2.1.2}% 12
\BOOKMARK [1][-]{section.2.2}{\376\377\0002\000.\0002\000\040\000a\000d\000c\000\137\000s\000e\000n\000s\000o\000r\000.\000h\000\040\000F\000i\000l\000e\000\040\000R\000e\000f\000e\000r\000e\000n\000c\000e}{chapter.2}% 13
\BOOKMARK [2][-]{subsection.2.2.1}{\376\377\0002\000.\0002\000.\0001\000\040\000M\000a\000c\000r\000o\000\040\000D\000e\000f\000i\000n\000i\000t\000i\000o\000n\000\040\000D\000o\000c\000u\000m\000e\000n\000t\000a\000t\000i\000o\000n}{section.2.2}% 14
\BOOKMARK [3][-]{subsubsection.2.2.1.1}{\376\377\0002\000.\0002\000.\0001\000.\0001\000\040\000A\000D\000C\000\137\000C\000H\000\137\0004}{subsection.2.2.1}% 15
\BOOKMARK [2][-]{subsection.2.2.2}{\376\377\0002\000.\0002\000.\0002\000\040\000F\000u\000n\000c\000t\000i\000o\000n\000\040\000D\000o\000c\000u\000m\000e\000n\000t\000a\000t\000i\000o\000n}{section.2.2}% 16
\BOOKMARK [3][-]{subsubsection.2.2.2.1}{\376\377\0002\000.\0002\000.\0002\000.\0001\000\040\000a\000d\000c\000\137\000c\000l\000e\000a\000n\000u\000p\000\050\000\051}{subsection.2.2.2}% 17
\BOOKMARK [3][-]{subsubsection.2.2.2.2}{\376\377\0002\000.\0002\000.\0002\000.\0002\000\040\000a\000d\000c\000\137\000i\000n\000i\000t\000\050\000\051}{subsection.2.2.2}% 18
\BOOKMARK [3][-]{subsubsection.2.2.2.3}{\376\377\0002\000.\0002\000.\0002\000.\0003\000\040\000a\000d\000c\000\137\000r\000e\000a\000d\000\137\000s\000e\000n\000s\000o\000r\000\050\000\051}{subsection.2.2.2}% 19
\BOOKMARK [3][-]{subsubsection.2.2.2.4}{\376\377\0002\000.\0002\000.\0002\000.\0004\000\040\000a\000d\000c\000T\000o\000P\000e\000r\000c\000e\000n\000t\000a\000g\000e\000\050\000\051}{subsection.2.2.2}% 20
\BOOKMARK [1][-]{section.2.3}{\376\377\0002\000.\0003\000\040\000a\000d\000c\000\137\000s\000e\000n\000s\000o\000r\000.\000h}{chapter.2}% 21
\BOOKMARK [1][-]{section.2.4}{\376\377\0002\000.\0004\000\040\000m\000a\000i\000n\000.\000c\000\040\000F\000i\000l\000e\000\040\000R\000e\000f\000e\000r\000e\000n\000c\000e}{chapter.2}% 22
\BOOKMARK [2][-]{subsection.2.4.1}{\376\377\0002\000.\0004\000.\0001\000\040\000F\000u\000n\000c\000t\000i\000o\000n\000\040\000D\000o\000c\000u\000m\000e\000n\000t\000a\000t\000i\000o\000n}{section.2.4}% 23
\BOOKMARK [3][-]{subsubsection.2.4.1.1}{\376\377\0002\000.\0004\000.\0001\000.\0001\000\040\000a\000p\000p\000\137\000m\000a\000i\000n\000\050\000\051}{subsection.2.4.1}% 24
\BOOKMARK [1][-]{section.2.5}{\376\377\0002\000.\0005\000\040\000m\000d\000n\000s\000\137\000s\000e\000r\000v\000e\000r\000.\000c\000\040\000F\000i\000l\000e\000\040\000R\000e\000f\000e\000r\000e\000n\000c\000e}{chapter.2}% 25
\BOOKMARK [2][-]{subsection.2.5.1}{\376\377\0002\000.\0005\000.\0001\000\040\000F\000u\000n\000c\000t\000i\000o\000n\000\040\000D\000o\000c\000u\000m\000e\000n\000t\000a\000t\000i\000o\000n}{section.2.5}% 26
\BOOKMARK [3][-]{subsubsection.2.5.1.1}{\376\377\0002\000.\0005\000.\0001\000.\0001\000\040\000s\000t\000a\000r\000t\000\137\000m\000d\000n\000s\000\050\000\051}{subsection.2.5.1}% 27
\BOOKMARK [1][-]{section.2.6}{\376\377\0002\000.\0006\000\040\000m\000d\000n\000s\000\137\000s\000e\000r\000v\000e\000r\000.\000h\000\040\000F\000i\000l\000e\000\040\000R\000e\000f\000e\000r\000e\000n\000c\000e}{chapter.2}% 28
\BOOKMARK [2][-]{subsection.2.6.1}{\376\377\0002\000.\0006\000.\0001\000\040\000M\000a\000c\000r\000o\000\040\000D\000e\000f\000i\000n\000i\000t\000i\000o\000n\000\040\000D\000o\000c\000u\000m\000e\000n\000t\000a\000t\000i\000o\000n}{section.2.6}% 29
\BOOKMARK [3][-]{subsubsection.2.6.1.1}{\376\377\0002\000.\0006\000.\0001\000.\0001\000\040\000I\000N\000S\000T\000A\000N\000C\000E\000\137\000N\000A\000M\000E}{subsection.2.6.1}% 30
\BOOKMARK [3][-]{subsubsection.2.6.1.2}{\376\377\0002\000.\0006\000.\0001\000.\0002\000\040\000M\000D\000N\000S\000\137\000N\000A\000M\000E}{subsection.2.6.1}% 31
\BOOKMARK [3][-]{subsubsection.2.6.1.3}{\376\377\0002\000.\0006\000.\0001\000.\0003\000\040\000P\000O\000R\000T}{subsection.2.6.1}% 32
\BOOKMARK [3][-]{subsubsection.2.6.1.4}{\376\377\0002\000.\0006\000.\0001\000.\0004\000\040\000P\000R\000O\000T\000O\000C\000O\000L}{subsection.2.6.1}% 33
\BOOKMARK [3][-]{subsubsection.2.6.1.5}{\376\377\0002\000.\0006\000.\0001\000.\0005\000\040\000S\000E\000R\000V\000I\000C\000E\000\137\000T\000Y\000P\000E}{subsection.2.6.1}% 34
\BOOKMARK [2][-]{subsection.2.6.2}{\376\377\0002\000.\0006\000.\0002\000\040\000F\000u\000n\000c\000t\000i\000o\000n\000\040\000D\000o\000c\000u\000m\000e\000n\000t\000a\000t\000i\000o\000n}{section.2.6}% 35
\BOOKMARK [3][-]{subsubsection.2.6.2.1}{\376\377\0002\000.\0006\000.\0002\000.\0001\000\040\000s\000t\000a\000r\000t\000\137\000m\000d\000n\000s\000\050\000\051}{subsection.2.6.2}% 36
\BOOKMARK [1][-]{section.2.7}{\376\377\0002\000.\0007\000\040\000m\000d\000n\000s\000\137\000s\000e\000r\000v\000e\000r\000.\000h}{chapter.2}% 37
\BOOKMARK [1][-]{section.2.8}{\376\377\0002\000.\0008\000\040\000t\000a\000s\000k\000\137\000c\000o\000m\000m\000o\000n\000.\000c\000\040\000F\000i\000l\000e\000\040\000R\000e\000f\000e\000r\000e\000n\000c\000e}{chapter.2}% 38
\BOOKMARK [2][-]{subsection.2.8.1}{\376\377\0002\000.\0008\000.\0001\000\040\000M\000a\000c\000r\000o\000\040\000D\000e\000f\000i\000n\000i\000t\000i\000o\000n\000\040\000D\000o\000c\000u\000m\000e\000n\000t\000a\000t\000i\000o\000n}{section.2.8}% 39
\BOOKMARK [3][-]{subsubsection.2.8.1.1}{\376\377\0002\000.\0008\000.\0001\000.\0001\000\040\000I\000T\000E\000M\000\137\000S\000I\000Z\000E}{subsection.2.8.1}% 40
\BOOKMARK [3][-]{subsubsection.2.8.1.2}{\376\377\0002\000.\0008\000.\0001\000.\0002\000\040\000Q\000U\000E\000U\000E\000\137\000L\000E\000N\000G\000T\000H}{subsection.2.8.1}% 41
\BOOKMARK [2][-]{subsection.2.8.2}{\376\377\0002\000.\0008\000.\0002\000\040\000F\000u\000n\000c\000t\000i\000o\000n\000\040\000D\000o\000c\000u\000m\000e\000n\000t\000a\000t\000i\000o\000n}{section.2.8}% 42
\BOOKMARK [3][-]{subsubsection.2.8.2.1}{\376\377\0002\000.\0008\000.\0002\000.\0001\000\040\000a\000d\000c\000S\000e\000n\000s\000o\000r\000T\000a\000s\000k\000\050\000\051}{subsection.2.8.2}% 43
\BOOKMARK [3][-]{subsubsection.2.8.2.2}{\376\377\0002\000.\0008\000.\0002\000.\0002\000\040\000i\000n\000i\000t\000\137\000q\000u\000e\000u\000e\000\050\000\051}{subsection.2.8.2}% 44
\BOOKMARK [3][-]{subsubsection.2.8.2.3}{\376\377\0002\000.\0008\000.\0002\000.\0003\000\040\000w\000e\000b\000S\000e\000r\000v\000e\000r\000T\000a\000s\000k\000\050\000\051}{subsection.2.8.2}% 45
\BOOKMARK [2][-]{subsection.2.8.3}{\376\377\0002\000.\0008\000.\0003\000\040\000V\000a\000r\000i\000a\000b\000l\000e\000\040\000D\000o\000c\000u\000m\000e\000n\000t\000a\000t\000i\000o\000n}{section.2.8}% 46
\BOOKMARK [3][-]{subsubsection.2.8.3.1}{\376\377\0002\000.\0008\000.\0003\000.\0001\000\040\000a\000d\000c\000D\000a\000t\000a\000Q\000u\000e\000u\000e}{subsection.2.8.3}% 47
\BOOKMARK [1][-]{section.2.9}{\376\377\0002\000.\0009\000\040\000t\000a\000s\000k\000\137\000c\000o\000m\000m\000o\000n\000.\000h\000\040\000F\000i\000l\000e\000\040\000R\000e\000f\000e\000r\000e\000n\000c\000e}{chapter.2}% 48
\BOOKMARK [2][-]{subsection.2.9.1}{\376\377\0002\000.\0009\000.\0001\000\040\000F\000u\000n\000c\000t\000i\000o\000n\000\040\000D\000o\000c\000u\000m\000e\000n\000t\000a\000t\000i\000o\000n}{section.2.9}% 49
\BOOKMARK [3][-]{subsubsection.2.9.1.1}{\376\377\0002\000.\0009\000.\0001\000.\0001\000\040\000a\000d\000c\000S\000e\000n\000s\000o\000r\000T\000a\000s\000k\000\050\000\051}{subsection.2.9.1}% 50
\BOOKMARK [3][-]{subsubsection.2.9.1.2}{\376\377\0002\000.\0009\000.\0001\000.\0002\000\040\000i\000n\000i\000t\000\137\000q\000u\000e\000u\000e\000\050\000\051}{subsection.2.9.1}% 51
\BOOKMARK [3][-]{subsubsection.2.9.1.3}{\376\377\0002\000.\0009\000.\0001\000.\0003\000\040\000w\000e\000b\000S\000e\000r\000v\000e\000r\000T\000a\000s\000k\000\050\000\051}{subsection.2.9.1}% 52
\BOOKMARK [2][-]{subsection.2.9.2}{\376\377\0002\000.\0009\000.\0002\000\040\000V\000a\000r\000i\000a\000b\000l\000e\000\040\000D\000o\000c\000u\000m\000e\000n\000t\000a\000t\000i\000o\000n}{section.2.9}% 53
\BOOKMARK [3][-]{subsubsection.2.9.2.1}{\376\377\0002\000.\0009\000.\0002\000.\0001\000\040\000a\000d\000c\000D\000a\000t\000a\000Q\000u\000e\000u\000e}{subsection.2.9.2}% 54
\BOOKMARK [1][-]{section.2.10}{\376\377\0002\000.\0001\0000\000\040\000t\000a\000s\000k\000\137\000c\000o\000m\000m\000o\000n\000.\000h}{chapter.2}% 55
\BOOKMARK [1][-]{section.2.11}{\376\377\0002\000.\0001\0001\000\040\000w\000i\000f\000i\000-\000s\000e\000r\000v\000e\000r\000.\000c\000\040\000F\000i\000l\000e\000\040\000R\000e\000f\000e\000r\000e\000n\000c\000e}{chapter.2}% 56
\BOOKMARK [2][-]{subsection.2.11.1}{\376\377\0002\000.\0001\0001\000.\0001\000\040\000F\000u\000n\000c\000t\000i\000o\000n\000\040\000D\000o\000c\000u\000m\000e\000n\000t\000a\000t\000i\000o\000n}{section.2.11}% 57
\BOOKMARK [3][-]{subsubsection.2.11.1.1}{\376\377\0002\000.\0001\0001\000.\0001\000.\0001\000\040\000a\000d\000c\000\137\000v\000a\000l\000u\000e\000\137\000h\000a\000n\000d\000l\000e\000r\000\050\000\051}{subsection.2.11.1}% 58
\BOOKMARK [3][-]{subsubsection.2.11.1.2}{\376\377\0002\000.\0001\0001\000.\0001\000.\0002\000\040\000a\000s\000m\000\050\000\051\000\040\000[\0001\000/\0008\000]}{subsection.2.11.1}% 59
\BOOKMARK [3][-]{subsubsection.2.11.1.3}{\376\377\0002\000.\0001\0001\000.\0001\000.\0003\000\040\000a\000s\000m\000\050\000\051\000\040\000[\0002\000/\0008\000]}{subsection.2.11.1}% 60
\BOOKMARK [3][-]{subsubsection.2.11.1.4}{\376\377\0002\000.\0001\0001\000.\0001\000.\0004\000\040\000a\000s\000m\000\050\000\051\000\040\000[\0003\000/\0008\000]}{subsection.2.11.1}% 61
\BOOKMARK [3][-]{subsubsection.2.11.1.5}{\376\377\0002\000.\0001\0001\000.\0001\000.\0005\000\040\000a\000s\000m\000\050\000\051\000\040\000[\0004\000/\0008\000]}{subsection.2.11.1}% 62
\BOOKMARK [3][-]{subsubsection.2.11.1.6}{\376\377\0002\000.\0001\0001\000.\0001\000.\0006\000\040\000a\000s\000m\000\050\000\051\000\040\000[\0005\000/\0008\000]}{subsection.2.11.1}% 63
\BOOKMARK [3][-]{subsubsection.2.11.1.7}{\376\377\0002\000.\0001\0001\000.\0001\000.\0007\000\040\000a\000s\000m\000\050\000\051\000\040\000[\0006\000/\0008\000]}{subsection.2.11.1}% 64
\BOOKMARK [3][-]{subsubsection.2.11.1.8}{\376\377\0002\000.\0001\0001\000.\0001\000.\0008\000\040\000a\000s\000m\000\050\000\051\000\040\000[\0007\000/\0008\000]}{subsection.2.11.1}% 65
\BOOKMARK [3][-]{subsubsection.2.11.1.9}{\376\377\0002\000.\0001\0001\000.\0001\000.\0009\000\040\000a\000s\000m\000\050\000\051\000\040\000[\0008\000/\0008\000]}{subsection.2.11.1}% 66
\BOOKMARK [3][-]{subsubsection.2.11.1.10}{\376\377\0002\000.\0001\0001\000.\0001\000.\0001\0000\000\040\000c\000s\000s\000\137\000h\000a\000n\000d\000l\000e\000r\000\050\000\051}{subsection.2.11.1}% 67
\BOOKMARK [3][-]{subsubsection.2.11.1.11}{\376\377\0002\000.\0001\0001\000.\0001\000.\0001\0001\000\040\000f\000a\000v\000i\000c\000o\000n\000\137\000h\000a\000n\000d\000l\000e\000r\000\050\000\051}{subsection.2.11.1}% 68
\BOOKMARK [3][-]{subsubsection.2.11.1.12}{\376\377\0002\000.\0001\0001\000.\0001\000.\0001\0002\000\040\000h\000t\000t\000p\000\137\000h\000a\000n\000d\000l\000e\000r\000\050\000\051}{subsection.2.11.1}% 69
\BOOKMARK [3][-]{subsubsection.2.11.1.13}{\376\377\0002\000.\0001\0001\000.\0001\000.\0001\0003\000\040\000j\000s\000\137\000h\000a\000n\000d\000l\000e\000r\000\050\000\051}{subsection.2.11.1}% 70
\BOOKMARK [3][-]{subsubsection.2.11.1.14}{\376\377\0002\000.\0001\0001\000.\0001\000.\0001\0004\000\040\000s\000t\000a\000r\000t\000\137\000w\000e\000b\000s\000e\000r\000v\000e\000r\000\050\000\051}{subsection.2.11.1}% 71
\BOOKMARK [3][-]{subsubsection.2.11.1.15}{\376\377\0002\000.\0001\0001\000.\0001\000.\0001\0005\000\040\000s\000t\000o\000p\000\137\000w\000e\000b\000s\000e\000r\000v\000e\000r\000\050\000\051}{subsection.2.11.1}% 72
\BOOKMARK [3][-]{subsubsection.2.11.1.16}{\376\377\0002\000.\0001\0001\000.\0001\000.\0001\0006\000\040\000w\000i\000f\000i\000\137\000c\000o\000n\000n\000e\000c\000t\000i\000o\000n\000\050\000\051}{subsection.2.11.1}% 73
\BOOKMARK [2][-]{subsection.2.11.2}{\376\377\0002\000.\0001\0001\000.\0002\000\040\000V\000a\000r\000i\000a\000b\000l\000e\000\040\000D\000o\000c\000u\000m\000e\000n\000t\000a\000t\000i\000o\000n}{section.2.11}% 74
\BOOKMARK [3][-]{subsubsection.2.11.2.1}{\376\377\0002\000.\0001\0001\000.\0002\000.\0001\000\040\000a\000d\000c\000\137\000u\000r\000i}{subsection.2.11.2}% 75
\BOOKMARK [3][-]{subsubsection.2.11.2.2}{\376\377\0002\000.\0001\0001\000.\0002\000.\0002\000\040\000a\000d\000c\000D\000a\000t\000a\000Q\000u\000e\000u\000e}{subsection.2.11.2}% 76
\BOOKMARK [3][-]{subsubsection.2.11.2.3}{\376\377\0002\000.\0001\0001\000.\0002\000.\0003\000\040\000c\000s\000s\000\137\000u\000r\000i}{subsection.2.11.2}% 77
\BOOKMARK [3][-]{subsubsection.2.11.2.4}{\376\377\0002\000.\0001\0001\000.\0002\000.\0004\000\040\000c\000u\000r\000r\000e\000n\000t\000\137\000a\000d\000c\000\137\000v\000a\000l\000u\000e}{subsection.2.11.2}% 78
\BOOKMARK [3][-]{subsubsection.2.11.2.5}{\376\377\0002\000.\0001\0001\000.\0002\000.\0005\000\040\000f\000a\000v\000i\000c\000o\000n\000\137\000u\000r\000i}{subsection.2.11.2}% 79
\BOOKMARK [3][-]{subsubsection.2.11.2.6}{\376\377\0002\000.\0001\0001\000.\0002\000.\0006\000\040\000h\000t\000t\000p\000\137\000u\000r\000i}{subsection.2.11.2}% 80
\BOOKMARK [3][-]{subsubsection.2.11.2.7}{\376\377\0002\000.\0001\0001\000.\0002\000.\0007\000\040\000j\000s\000\137\000u\000r\000i}{subsection.2.11.2}% 81
\BOOKMARK [3][-]{subsubsection.2.11.2.8}{\376\377\0002\000.\0001\0001\000.\0002\000.\0008\000\040\000p\000a\000s\000s}{subsection.2.11.2}% 82
\BOOKMARK [3][-]{subsubsection.2.11.2.9}{\376\377\0002\000.\0001\0001\000.\0002\000.\0009\000\040\000r\000e\000t\000r\000y\000\137\000n\000u\000m}{subsection.2.11.2}% 83
\BOOKMARK [3][-]{subsubsection.2.11.2.10}{\376\377\0002\000.\0001\0001\000.\0002\000.\0001\0000\000\040\000s\000s\000i\000d}{subsection.2.11.2}% 84
\BOOKMARK [1][-]{section.2.12}{\376\377\0002\000.\0001\0002\000\040\000w\000i\000f\000i\000-\000s\000e\000r\000v\000e\000r\000.\000h\000\040\000F\000i\000l\000e\000\040\000R\000e\000f\000e\000r\000e\000n\000c\000e}{chapter.2}% 85
\BOOKMARK [2][-]{subsection.2.12.1}{\376\377\0002\000.\0001\0002\000.\0001\000\040\000F\000u\000n\000c\000t\000i\000o\000n\000\040\000D\000o\000c\000u\000m\000e\000n\000t\000a\000t\000i\000o\000n}{section.2.12}% 86
\BOOKMARK [3][-]{subsubsection.2.12.1.1}{\376\377\0002\000.\0001\0002\000.\0001\000.\0001\000\040\000s\000t\000a\000r\000t\000\137\000w\000e\000b\000s\000e\000r\000v\000e\000r\000\050\000\051}{subsection.2.12.1}% 87
\BOOKMARK [3][-]{subsubsection.2.12.1.2}{\376\377\0002\000.\0001\0002\000.\0001\000.\0002\000\040\000w\000i\000f\000i\000\137\000c\000o\000n\000n\000e\000c\000t\000i\000o\000n\000\050\000\051}{subsection.2.12.1}% 88
\BOOKMARK [1][-]{section.2.13}{\376\377\0002\000.\0001\0003\000\040\000w\000i\000f\000i\000-\000s\000e\000r\000v\000e\000r\000.\000h}{chapter.2}% 89
\BOOKMARK [0][-]{section*.17}{\376\377\000I\000n\000d\000e\000x}{}% 90
